0 info it worked if it ends with ok
1 verbose cli [
1 verbose cli   'C:\\Program Files\\nodejs\\node.exe',
1 verbose cli   'C:\\Program Files\\nodejs\\node_modules\\npm\\bin\\npm-cli.js',
1 verbose cli   'run',
1 verbose cli   'dev',
1 verbose cli   '--scripts-prepend-node-path=auto'
1 verbose cli ]
2 info using npm@6.11.3
3 info using node@v12.12.0
4 verbose run-script [ 'predev', 'dev', 'postdev' ]
5 info lifecycle first_xm3@1.0.0~predev: first_xm3@1.0.0
6 info lifecycle first_xm3@1.0.0~dev: first_xm3@1.0.0
7 verbose lifecycle first_xm3@1.0.0~dev: unsafe-perm in lifecycle true
8 verbose lifecycle first_xm3@1.0.0~dev: PATH: C:\Program Files\nodejs\node_modules\npm\node_modules\npm-lifecycle\node-gyp-bin;G:\项目作业\first_xm3\node_modules\.bin;G:\java\BIN;G:\java;C:\Program Files (x86)\Microsoft SQL Server\100\Tools\Binn\VSShell\Common7\IDE\;C:\Program Files (x86)\Microsoft SQL Server\100\Tools\Binn\;G:\SQL\123\100\Tools\Binn\;C:\Program Files (x86)\Microsoft SQL Server\100\DTS\Binn\;G:\SQL\123\100\DTS\Binn\;C:\WINDOWS\system32;C:\WINDOWS;C:\WINDOWS\System32\Wbem;C:\WINDOWS\System32\WindowsPowerShell\v1.0\;C:\WINDOWS\System32\OpenSSH\;C:\Program Files (x86)\Microsoft SQL Server\90\Tools\binn\;C:\Program Files\NVIDIA Corporation\NVIDIA NvDLISR;C:\Program Files (x86)\NVIDIA Corporation\PhysX\Common;C:\Program Files\nodejs\;F:\BaiduNetdiskDownload\新建文件夹 (2)\Tools\WinNT;F:\BaiduNetdiskDownload\新建文件夹 (2)\MSDev98\Bin;F:\BaiduNetdiskDownload\新建文件夹 (2)\Tools;F:\BaiduNetdiskDownload\VC98\bin;C:\Users\MACHENIKE\AppData\Local\Microsoft\WindowsApps;C:\Program Files\Intel\WiFi\bin\;C:\Program Files\Common Files\Intel\WirelessCommon\;C:\Users\MACHENIKE\AppData\Local\Microsoft\WindowsApps;C:\Users\MACHENIKE\AppData\Roaming\npm
9 verbose lifecycle first_xm3@1.0.0~dev: CWD: G:\项目作业\first_xm3
10 silly lifecycle first_xm3@1.0.0~dev: Args: [
10 silly lifecycle   '/d /s /c',
10 silly lifecycle   'webpack-dev-server --inline --progress --config build/webpack.dev.conf.js'
10 silly lifecycle ]
11 timing npm Completed in 1113864ms
12 error cb() never called!
13 error This is an error with npm itself. Please report this error at:
14 error <https://npm.community>
